0 info it worked if it ends with ok
1 verbose cli [ 'C:\\Users\\vmaliko\\Desktop\\software_dev\\nodejs\\\\node.exe',
1 verbose cli   'C:\\Users\\vmaliko\\Desktop\\software_dev\\nodejs\\node_modules\\npm\\bin\\npm-cli.js',
1 verbose cli   'start' ]
2 info using npm@1.4.3
3 info using node@v0.10.26
4 verbose node symlink C:\Users\vmaliko\Desktop\software_dev\nodejs\\node.exe
5 verbose run-script [ 'prestart', 'start', 'poststart' ]
6 info prestart authenticate-me-server@0.0.1
7 info start authenticate-me-server@0.0.1
8 verbose unsafe-perm in lifecycle true
9 info authenticate-me-server@0.0.1 Failed to exec start script
10 error authenticate-me-server@0.0.1 start: `node --debug-brk ./bin/www`
10 error Exit status 8
11 error Failed at the authenticate-me-server@0.0.1 start script.
11 error This is most likely a problem with the authenticate-me-server package,
11 error not with npm itself.
11 error Tell the author that this fails on your system:
11 error     node --debug-brk ./bin/www
11 error You can get their info via:
11 error     npm owner ls authenticate-me-server
11 error There is likely additional logging output above.
12 error System Windows_NT 6.2.9200
13 error command "C:\\Users\\vmaliko\\Desktop\\software_dev\\nodejs\\\\node.exe" "C:\\Users\\vmaliko\\Desktop\\software_dev\\nodejs\\node_modules\\npm\\bin\\npm-cli.js" "start"
14 error cwd C:\Users\vmaliko\Desktop\phonegap projects\node-servers\Authenticate.me
15 error node -v v0.10.26
16 error npm -v 1.4.3
17 error code ELIFECYCLE
18 verbose exit [ 1, true ]
